<?xml version="1.0" encoding="UTF-8"?>
<!-- Generated by org.testng.reporters.JUnitReportReporter -->
<testsuite hostname="AVJaya" failures="0" tests="1" name="com.ui.test.runner.TestNGRunner" time="3.749" errors="0" timestamp="18 Nov 2023 12:04:10 GMT" skipped="0">
  <testcase classname="com.ui.test.runner.TestNGRunner" name="runScenario" time="3.749"/>
</testsuite> <!-- com.ui.test.runner.TestNGRunner -->
