<?xml version="1.0" encoding="UTF-8"?>
<!-- Generated by org.testng.reporters.JUnitReportReporter -->
<testsuite hostname="INWPF1VRP3X-AAD" failures="2" tests="7" name="com.ui.test.runner.TestNGRunner" time="76.684" errors="0" timestamp="2023-07-21T16:34:38 IST" skipped="4">
  <testcase classname="com.ui.test.runner.TestNGRunner" name="runScenario" time="31.683">
    <skipped/>
  </testcase> <!-- runScenario -->
  <system-out/>
  <testcase classname="com.ui.test.runner.TestNGRunner" name="runScenario" time="7.065"/>
  <system-out/>
  <testcase classname="com.ui.test.runner.TestNGRunner" name="runScenario" time="9.430">
    <failure type="java.lang.AssertionError">
      <![CDATA[java.lang.AssertionError
at org.junit.Assert.fail(Assert.java:87)
at org.junit.Assert.assertTrue(Assert.java:42)
at org.junit.Assert.assertFalse(Assert.java:65)
at org.junit.Assert.assertFalse(Assert.java:75)
at com.ui.test.steps.LoginStepDef.navigating(LoginStepDef.java:40)
at ✽.Navigating "https://www.yahoo.com/"(file:///C:/Users/aganesh/eclipse-workspace/Test/./Features/Login.feature:31)
]]>
    </failure>
  </testcase> <!-- runScenario -->
  <system-out/>
  <testcase classname="com.ui.test.runner.TestNGRunner" name="runScenario" time="9.874">
    <skipped/>
  </testcase> <!-- runScenario -->
  <system-out/>
  <testcase classname="com.ui.test.runner.TestNGRunner" name="runScenario" time="6.556">
    <skipped/>
  </testcase> <!-- runScenario -->
  <system-out/>
  <testcase classname="com.ui.test.runner.TestNGRunner" name="runScenario" time="7.149">
    <skipped/>
  </testcase> <!-- runScenario -->
  <system-out/>
  <testcase classname="com.ui.test.runner.TestNGRunner" name="runScenario" time="4.927">
    <failure type="java.lang.AssertionError">
      <![CDATA[java.lang.AssertionError
at org.junit.Assert.fail(Assert.java:87)
at org.junit.Assert.assertTrue(Assert.java:42)
at org.junit.Assert.assertFalse(Assert.java:65)
at org.junit.Assert.assertFalse(Assert.java:75)
at com.ui.test.steps.LoginStepDef.navigating(LoginStepDef.java:40)
at ✽.Navigating "https://www.nitt.edu/"(file:///C:/Users/aganesh/eclipse-workspace/Test/./Features/Login.feature:36)
]]>
    </failure>
  </testcase> <!-- runScenario -->
  <system-out/>
</testsuite> <!-- com.ui.test.runner.TestNGRunner -->
